  [4;36;1mSQL (0.2ms)[0m   [0;1m SELECT name
 FROM sqlite_master
 WHERE type = 'table' AND NOT name = 'sqlite_sequence'
[0m
  [4;35;1mSQL (0.2ms)[0m   [0mselect sqlite_version(*)[0m
  [4;36;1mSQL (2.4ms)[0m   [0;1mCREATE TABLE "schema_migrations" ("version" varchar(255) NOT NULL) [0m
  [4;35;1mSQL (2.0ms)[0m   [0mCREATE UNIQUE INDEX "unique_schema_migrations" ON "schema_migrations" ("version")[0m
  [4;36;1mSQL (0.2ms)[0m   [0;1m SELECT name
 FROM sqlite_master
 WHERE type = 'table' AND NOT name = 'sqlite_sequence'
[0m
  [4;35;1mSQL (0.1ms)[0m   [0mSELECT version FROM schema_migrations[0m
Migrating to CreateSermons (20100121232347)
  [4;36;1mSQL (0.5ms)[0m   [0;1mCREATE TABLE "sermons" ("id" INTEGER PRIMARY KEY AUTOINCREMENT NOT NULL, "title" varchar(255), "description" text, "podcast_filename" varchar(255), "video_filename" varchar(255), "published" boolean, "created_at" datetime, "updated_at" datetime) [0m
  [4;35;1mSQL (0.1ms)[0m   [0mINSERT INTO schema_migrations (version) VALUES ('20100121232347')[0m
  [4;36;1mSQL (0.3ms)[0m   [0;1m SELECT name
 FROM sqlite_master
 WHERE type = 'table' AND NOT name = 'sqlite_sequence'
[0m
  [4;35;1mSQL (0.1ms)[0m   [0mSELECT version FROM schema_migrations[0m
  [4;36;1mSQL (0.2ms)[0m   [0;1m SELECT name
 FROM sqlite_master
 WHERE type = 'table' AND NOT name = 'sqlite_sequence'
[0m
  [4;35;1mSQL (0.0ms)[0m   [0mPRAGMA index_list("sermons")[0m


Processing SermonsController#new (for 127.0.0.1 at 2010-01-21 17:25:29) [GET]
Rendering template within layouts/sermons
Rendering sermons/new
Completed in 44ms (View: 39, DB: 0) | 200 OK [http://localhost/sermons/new]


Processing SermonsController#new (for 127.0.0.1 at 2010-01-21 17:40:34) [GET]
Rendering template within layouts/sermons
Rendering sermons/new

ActionView::TemplateError (undefined method `inputs' for nil:NilClass) on line #1 of app/views/sermons/_form.html.haml:
1: - form.inputs do
2:   = form.input :title, :label => 'Title'
3:   = form.input :description, :label => 'Description'
4:   = form.input :podcast_filename, :label => 'Podcast filename'

    app/views/sermons/_form.html.haml:1:in `_run_haml_app47views47sermons47_form46html46haml_locals_form_object'
    haml (2.2.17) lib/haml/helpers/action_view_mods.rb:11:in `render'
    haml (2.2.17) lib/haml/helpers.rb:96:in `non_haml'
    haml (2.2.17) lib/haml/helpers/action_view_mods.rb:11:in `render'
    app/views/sermons/new.html.haml:2:in `_run_haml_app47views47sermons47new46html46haml'
    haml (2.2.17) lib/haml/helpers/action_view_mods.rb:13:in `render'
    haml (2.2.17) lib/haml/helpers/action_view_mods.rb:13:in `render'
    app/controllers/sermons_controller.rb:29:in `new'
    haml (2.2.17) rails/./lib/sass/plugin/rails.rb:19:in `process'
    /System/Library/Frameworks/Ruby.framework/Versions/1.8/usr/lib/ruby/1.8/webrick/httpserver.rb:104:in `service'
    /System/Library/Frameworks/Ruby.framework/Versions/1.8/usr/lib/ruby/1.8/webrick/httpserver.rb:65:in `run'
    /System/Library/Frameworks/Ruby.framework/Versions/1.8/usr/lib/ruby/1.8/webrick/server.rb:173:in `start_thread'
    /System/Library/Frameworks/Ruby.framework/Versions/1.8/usr/lib/ruby/1.8/webrick/server.rb:162:in `start'
    /System/Library/Frameworks/Ruby.framework/Versions/1.8/usr/lib/ruby/1.8/webrick/server.rb:162:in `start_thread'
    /System/Library/Frameworks/Ruby.framework/Versions/1.8/usr/lib/ruby/1.8/webrick/server.rb:95:in `start'
    /System/Library/Frameworks/Ruby.framework/Versions/1.8/usr/lib/ruby/1.8/webrick/server.rb:92:in `each'
    /System/Library/Frameworks/Ruby.framework/Versions/1.8/usr/lib/ruby/1.8/webrick/server.rb:92:in `start'
    /System/Library/Frameworks/Ruby.framework/Versions/1.8/usr/lib/ruby/1.8/webrick/server.rb:23:in `start'
    /System/Library/Frameworks/Ruby.framework/Versions/1.8/usr/lib/ruby/1.8/webrick/server.rb:82:in `start'

Rendered rescues/_trace (57.6ms)
Rendered rescues/_request_and_response (1.3ms)
Rendering rescues/layout (internal_server_error)


Processing SermonsController#new (for 127.0.0.1 at 2010-01-21 23:23:50) [GET]
Rendering template within layouts/sermons
Rendering sermons/new

ActionView::TemplateError (wrong number of arguments (0 for 1)) on line #2 of app/views/sermons/new.html.haml:
1: New Sermon
2: = render :partial => 'form', :form => form
3: %p
4:   = link_to "Back to List", sermons_path

    app/views/sermons/new.html.haml:2:in `form'
    app/views/sermons/new.html.haml:2:in `_run_haml_app47views47sermons47new46html46haml'
    haml (2.2.17) lib/haml/helpers/action_view_mods.rb:13:in `render'
    haml (2.2.17) lib/haml/helpers/action_view_mods.rb:13:in `render'
    app/controllers/sermons_controller.rb:29:in `new'
    haml (2.2.17) rails/./lib/sass/plugin/rails.rb:19:in `process'
    /System/Library/Frameworks/Ruby.framework/Versions/1.8/usr/lib/ruby/1.8/webrick/httpserver.rb:104:in `service'
    /System/Library/Frameworks/Ruby.framework/Versions/1.8/usr/lib/ruby/1.8/webrick/httpserver.rb:65:in `run'
    /System/Library/Frameworks/Ruby.framework/Versions/1.8/usr/lib/ruby/1.8/webrick/server.rb:173:in `start_thread'
    /System/Library/Frameworks/Ruby.framework/Versions/1.8/usr/lib/ruby/1.8/webrick/server.rb:162:in `start'
    /System/Library/Frameworks/Ruby.framework/Versions/1.8/usr/lib/ruby/1.8/webrick/server.rb:162:in `start_thread'
    /System/Library/Frameworks/Ruby.framework/Versions/1.8/usr/lib/ruby/1.8/webrick/server.rb:95:in `start'
    /System/Library/Frameworks/Ruby.framework/Versions/1.8/usr/lib/ruby/1.8/webrick/server.rb:92:in `each'
    /System/Library/Frameworks/Ruby.framework/Versions/1.8/usr/lib/ruby/1.8/webrick/server.rb:92:in `start'
    /System/Library/Frameworks/Ruby.framework/Versions/1.8/usr/lib/ruby/1.8/webrick/server.rb:23:in `start'
    /System/Library/Frameworks/Ruby.framework/Versions/1.8/usr/lib/ruby/1.8/webrick/server.rb:82:in `start'

Rendered rescues/_trace (51.8ms)
Rendered rescues/_request_and_response (1.2ms)
Rendering rescues/layout (internal_server_error)


Processing SermonsController#new (for 127.0.0.1 at 2010-01-23 09:42:11) [GET]
Rendering template within layouts/sermons
Rendering sermons/new

ActionView::TemplateError (wrong number of arguments (0 for 1)) on line #2 of app/views/sermons/new.html.haml:
1: New Sermon
2: = render 'form', :form => form
3: %p
4:   = link_to "Back to List", sermons_path

    app/views/sermons/new.html.haml:2:in `form'
    app/views/sermons/new.html.haml:2:in `_run_haml_app47views47sermons47new46html46haml'
    haml (2.2.17) lib/haml/helpers/action_view_mods.rb:13:in `render'
    haml (2.2.17) lib/haml/helpers/action_view_mods.rb:13:in `render'
    app/controllers/sermons_controller.rb:29:in `new'
    haml (2.2.17) rails/./lib/sass/plugin/rails.rb:19:in `process'
    /System/Library/Frameworks/Ruby.framework/Versions/1.8/usr/lib/ruby/1.8/webrick/httpserver.rb:104:in `service'
    /System/Library/Frameworks/Ruby.framework/Versions/1.8/usr/lib/ruby/1.8/webrick/httpserver.rb:65:in `run'
    /System/Library/Frameworks/Ruby.framework/Versions/1.8/usr/lib/ruby/1.8/webrick/server.rb:173:in `start_thread'
    /System/Library/Frameworks/Ruby.framework/Versions/1.8/usr/lib/ruby/1.8/webrick/server.rb:162:in `start'
    /System/Library/Frameworks/Ruby.framework/Versions/1.8/usr/lib/ruby/1.8/webrick/server.rb:162:in `start_thread'
    /System/Library/Frameworks/Ruby.framework/Versions/1.8/usr/lib/ruby/1.8/webrick/server.rb:95:in `start'
    /System/Library/Frameworks/Ruby.framework/Versions/1.8/usr/lib/ruby/1.8/webrick/server.rb:92:in `each'
    /System/Library/Frameworks/Ruby.framework/Versions/1.8/usr/lib/ruby/1.8/webrick/server.rb:92:in `start'
    /System/Library/Frameworks/Ruby.framework/Versions/1.8/usr/lib/ruby/1.8/webrick/server.rb:23:in `start'
    /System/Library/Frameworks/Ruby.framework/Versions/1.8/usr/lib/ruby/1.8/webrick/server.rb:82:in `start'

Rendered rescues/_trace (47.5ms)
Rendered rescues/_request_and_response (1.3ms)
Rendering rescues/layout (internal_server_error)
